<?xml version="1.0" encoding="UTF-8"?>
<!-- Generated by org.testng.reporters.JUnitXMLReporter -->
<testsuite hostname="Omers-MacBook-Pro.local" ignored="0" name="Hotels Regression Tests -- firefox" tests="4" failures="1" timestamp="2020-10-21T12:18:16 EDT" time="25.926" errors="0">
  <testcase name="verifyPageTitle" time="0.03" classname="com.qa.hotels.tests.HomePageTest"/>
  <testcase name="verifyPageTitle" time="0.013" classname="com.qa.hotels.tests.HiltonHotelsInCincinnatiTest"/>
  <testcase name="selectDestination" time="7.139" classname="com.qa.hotels.tests.HomePageTest">
    <failure type="org.openqa.selenium.ElementClickInterceptedException" message="Element &amp;lt;select id=&amp;quot;qf-0q-room-0-children&amp;quot; name=&amp;quot;q-room-0-children&amp;quot;&amp;gt; is not clickable at point (352,459) because another element &amp;lt;th class=&amp;quot;&amp;quot;&amp;gt; obscures it
Build info: version: &amp;apos;3.141.59&amp;apos;, revision: &amp;apos;e82be7d358&amp;apos;, time: &amp;apos;2018-11-14T08:17:03&amp;apos;
System info: host: &amp;apos;Omers-MacBook-Pro.local&amp;apos;, ip: &amp;apos;2601:87:0:3e30:0:0:0:3df5%en0&amp;apos;, os.name: &amp;apos;Mac OS X&amp;apos;, os.arch: &amp;apos;x86_64&amp;apos;, os.version: &amp;apos;10.15.7&amp;apos;, java.version: &amp;apos;1.8.0_241&amp;apos;
Driver info: org.openqa.selenium.firefox.FirefoxDriver
Capabilities {acceptInsecureCerts: true, browserName: firefox, browserVersion: 81.0.2, javascriptEnabled: true, moz:accessibilityChecks: false, moz:buildID: 20201012085804, moz:geckodriverVersion: 0.27.0, moz:headless: false, moz:processID: 6339, moz:profile: /var/folders/dw/jmyx_3dd02b..., moz:shutdownTimeout: 60000, moz:useNonSpecCompliantPointerOrigin: false, moz:webdriverClick: true, pageLoadStrategy: normal, platform: MAC, platformName: MAC, platformVersion: 19.6.0, rotatable: false, setWindowRect: true, strictFileInteractability: false, timeouts: {implicit: 0, pageLoad: 300000, script: 30000}, unhandledPromptBehavior: dismiss and notify}
Session ID: 91672790-d000-2c41-838e-9bac6788bc8e">
      <![CDATA[org.openqa.selenium.ElementClickInterceptedException: Element <select id="qf-0q-room-0-children" name="q-room-0-children"> is not clickable at point (352,459) because another element <th class=""> obscures it
Build info: version: '3.141.59', revision: 'e82be7d358', time: '2018-11-14T08:17:03'
System info: host: 'Omers-MacBook-Pro.local', ip: '2601:87:0:3e30:0:0:0:3df5%en0', os.name: 'Mac OS X', os.arch: 'x86_64', os.version: '10.15.7', java.version: '1.8.0_241'
Driver info: org.openqa.selenium.firefox.FirefoxDriver
Capabilities {acceptInsecureCerts: true, browserName: firefox, browserVersion: 81.0.2, javascriptEnabled: true, moz:accessibilityChecks: false, moz:buildID: 20201012085804, moz:geckodriverVersion: 0.27.0, moz:headless: false, moz:processID: 6339, moz:profile: /var/folders/dw/jmyx_3dd02b..., moz:shutdownTimeout: 60000, moz:useNonSpecCompliantPointerOrigin: false, moz:webdriverClick: true, pageLoadStrategy: normal, platform: MAC, platformName: MAC, platformVersion: 19.6.0, rotatable: false, setWindowRect: true, strictFileInteractability: false, timeouts: {implicit: 0, pageLoad: 300000, script: 30000}, unhandledPromptBehavior: dismiss and notify}
Session ID: 91672790-d000-2c41-838e-9bac6788bc8e
at org.openqa.selenium.remote.http.W3CHttpResponseCodec.createException(W3CHttpResponseCodec.java:187)
at org.openqa.selenium.remote.http.W3CHttpResponseCodec.decode(W3CHttpResponseCodec.java:122)
at org.openqa.selenium.remote.http.W3CHttpResponseCodec.decode(W3CHttpResponseCodec.java:49)
at org.openqa.selenium.remote.HttpCommandExecutor.execute(HttpCommandExecutor.java:158)
at org.openqa.selenium.remote.service.DriverCommandExecutor.execute(DriverCommandExecutor.java:83)
at org.openqa.selenium.remote.RemoteWebDriver.execute(RemoteWebDriver.java:552)
at org.openqa.selenium.remote.RemoteWebElement.execute(RemoteWebElement.java:285)
at org.openqa.selenium.remote.RemoteWebElement.click(RemoteWebElement.java:84)
at org.openqa.selenium.support.ui.Select.setSelected(Select.java:311)
at org.openqa.selenium.support.ui.Select.selectByVisibleText(Select.java:116)
at com.qa.hotels.util.ElementUtil.select(ElementUtil.java:46)
at com.qa.hotels.pages.HomePage.selectingRoomsAdultsAndChildren(HomePage.java:58)
at com.qa.hotels.pages.HomePage.whereTo(HomePage.java:41)
at com.qa.hotels.tests.HomePageTest.selectDestination(HomePageTest.java:63)
at java.util.concurrent.ThreadPoolExecutor.runWorker(ThreadPoolExecutor.java:1149)
at java.util.concurrent.ThreadPoolExecutor$Worker.run(ThreadPoolExecutor.java:624)
at java.lang.Thread.run(Thread.java:748)
... Removed 16 stack frames]]>
    </failure>
  </testcase> <!-- selectDestination -->
  <testcase name="hiltonHotelsWithThreeStars" time="4.645" classname="com.qa.hotels.tests.HiltonHotelsInCincinnatiTest"/>
</testsuite> <!-- Hotels Regression Tests - firefox -->
